<?xml version="1.0" encoding="UTF-8"?>
<!-- Generated by org.testng.reporters.JUnitReportReporter -->
<testsuite hostname="DESKTOP-KN4BDVB" failures="0" tests="1" name="testcase.Case1" time="7.415" errors="0" timestamp="2024-06-05T00:49:55 IST" skipped="0">
  <testcase classname="testcase.Case1" name="test1" time="7.415"/>
  <system-out/>
</testsuite> <!-- testcase.Case1 -->
