<?xml version="1.0" encoding="UTF-8"?>
<!-- Generated by org.testng.reporters.JUnitReportReporter -->
<testsuite hostname="DESKTOP-KN4BDVB" failures="0" tests="1" name="testcase.Case1" time="8.610" errors="0" timestamp="2024-06-05T11:26:13 IST" skipped="0">
  <testcase classname="testcase.Case1" name="test1" time="8.610"/>
</testsuite> <!-- testcase.Case1 -->
